-------------------------------------------
Batch: 0
-------------------------------------------
+--------------------+-----+
|            customer|score|
+--------------------+-----+
|Christina.Fibonna...|-22.0|
|Sarah.Phillips@te...| 13.0|
|Ashley.Smith@test...| -4.0|
|Jerry.Khatib@test...| -7.0|
|David.Fibonnaci@t...| 16.5|
|Jerry.Mitra@test.com| -4.0|
|Chris.Clark@test.com| -2.0|
|Edward.Olson@test...| -4.0|
|Neeraj.Jefferson@...| -2.0|
|John.Clayton@test...| -5.5|
|Edward.Jackson@te...| -3.0|
|Senthil.Smith@tes...| -4.5|
|David.Davis@test.com| -1.5|
|Ben.Anderson@test...| -3.0|
|Frank.Fibonnaci@t...| -2.0|
|Ashley.Olson@test...| -0.5|
|Jane.Staples@test...| 26.5|
|Santosh.Khatib@te...| 13.5|
| Gail.Jones@test.com| -8.0|
|Frank.Davis@test.com|  0.5|
+--------------------+-----+
only showing top 20 rows

-------------------------------------------
Batch: 1
-------------------------------------------
+--------------------+-----+
|            customer|score|
+--------------------+-----+
|Ashley.Olson@test...| -4.5|
|Jane.Staples@test...|  2.0|
|Santosh.Khatib@te...| 12.5|
| Gail.Jones@test.com|-18.0|
|Frank.Davis@test.com| -6.5|
+--------------------+-----+

-------------------------------------------
Batch: 2
-------------------------------------------
+--------------------+-----+
|            customer|score|
+--------------------+-----+
|Suresh.Jackson@te...| -2.0|
+--------------------+-----+

-------------------------------------------
Batch: 3
-------------------------------------------
+--------------------+-----+
|            customer|score|
+--------------------+-----+
|Sean.Hansen@test.com| -5.5|
+--------------------+-----+

-------------------------------------------
Batch: 4
-------------------------------------------
+--------------------+-----+
|            customer|score|
+--------------------+-----+
|Larry.Davis@test.com| 22.0|
+--------------------+-----+

