Spark Command: /usr/lib/jvm/java-8-openjdk-amd64/jre/bin/java -cp /opt/spark-2.3.4-bin-hadoop2.7/conf/:/opt/spark-2.3.4-bin-hadoop2.7/jars/* -Xmx1g org.apache.spark.deploy.worker.Worker --webui-port 8081 spark://1704a2a4c612:7077
========================================
2022-01-01 18:42:44 INFO  Worker:2612 - Started daemon with process name: 113@1704a2a4c612
2022-01-01 18:42:44 INFO  SignalUtils:54 - Registered signal handler for TERM
2022-01-01 18:42:44 INFO  SignalUtils:54 - Registered signal handler for HUP
2022-01-01 18:42:44 INFO  SignalUtils:54 - Registered signal handler for INT
2022-01-01 18:42:46 WARN  NativeCodeLoader:62 - Unable to load native-hadoop library for your platform... using builtin-java classes where applicable
2022-01-01 18:42:46 INFO  SecurityManager:54 - Changing view acls to: root
2022-01-01 18:42:46 INFO  SecurityManager:54 - Changing modify acls to: root
2022-01-01 18:42:46 INFO  SecurityManager:54 - Changing view acls groups to: 
2022-01-01 18:42:46 INFO  SecurityManager:54 - Changing modify acls groups to: 
2022-01-01 18:42:46 INFO  SecurityManager:54 - SecurityManager: authentication disabled; ui acls disabled; users  with view permissions: Set(root); groups with view permissions: Set(); users  with modify permissions: Set(root); groups with modify permissions: Set()
2022-01-01 18:42:47 INFO  Utils:54 - Successfully started service 'sparkWorker' on port 42645.
2022-01-01 18:42:47 INFO  Worker:54 - Starting Spark worker 172.18.0.2:42645 with 2 cores, 6.3 GB RAM
2022-01-01 18:42:47 INFO  Worker:54 - Running Spark version 2.3.4
2022-01-01 18:42:47 INFO  Worker:54 - Spark home: /opt/spark-2.3.4-bin-hadoop2.7
2022-01-01 18:42:47 INFO  log:192 - Logging initialized @4343ms
2022-01-01 18:42:47 INFO  Server:351 - jetty-9.3.z-SNAPSHOT, build timestamp: unknown, git hash: unknown
2022-01-01 18:42:47 INFO  Server:419 - Started @4487ms
2022-01-01 18:42:47 INFO  AbstractConnector:278 - Started ServerConnector@7e08167e{HTTP/1.1,[http/1.1]}{0.0.0.0:8081}
2022-01-01 18:42:47 INFO  Utils:54 - Successfully started service 'WorkerUI' on port 8081.
2022-01-01 18:42:47 INFO  ContextHandler:781 - Started o.s.j.s.ServletContextHandler@ca7aae{/logPage,null,AVAILABLE,@Spark}
2022-01-01 18:42:47 INFO  ContextHandler:781 - Started o.s.j.s.ServletContextHandler@4242ba09{/logPage/json,null,AVAILABLE,@Spark}
2022-01-01 18:42:47 INFO  ContextHandler:781 - Started o.s.j.s.ServletContextHandler@5c1cbbf3{/,null,AVAILABLE,@Spark}
2022-01-01 18:42:47 INFO  ContextHandler:781 - Started o.s.j.s.ServletContextHandler@74aa4e7e{/json,null,AVAILABLE,@Spark}
2022-01-01 18:42:47 INFO  ContextHandler:781 - Started o.s.j.s.ServletContextHandler@236f3010{/static,null,AVAILABLE,@Spark}
2022-01-01 18:42:47 INFO  ContextHandler:781 - Started o.s.j.s.ServletContextHandler@7f408cb3{/log,null,AVAILABLE,@Spark}
2022-01-01 18:42:47 INFO  WorkerWebUI:54 - Bound WorkerWebUI to 0.0.0.0, and started at http://1704a2a4c612:8081
2022-01-01 18:42:47 INFO  Worker:54 - Connecting to master 1704a2a4c612:7077...
2022-01-01 18:42:48 INFO  ContextHandler:781 - Started o.s.j.s.ServletContextHandler@17f51a73{/metrics/json,null,AVAILABLE,@Spark}
2022-01-01 18:42:48 INFO  TransportClientFactory:267 - Successfully created connection to 1704a2a4c612/172.18.0.2:7077 after 138 ms (0 ms spent in bootstraps)
2022-01-01 18:42:48 INFO  Worker:54 - Successfully registered with master spark://1704a2a4c612:7077
